
cd earn-digital-ledgers-by-building-a-blockchain
cd learn-digital-ledgers-by-building-a-blockchain
ls
cd ..
cd learn-digital-ledgers-by-building-a-blockchain
touch init-blockchain.js
rm init-blockchain.js 
cd learn-digital-ledgers-by-building-a-blockchain/
touch init-blockchain.js
cd learn-digital-ledgers-by-building-a-blockchain/
cd ..
git
git remote -v
git commit . -m "update"
git push
cd learn-digital-ledgers-by-building-a-blockchain/
ls
cd ..
git add .
git commit . -m "feat: update"
git push
node init-blockchain.js
cd learn-digital-ledgers-by-building-a-blockchain/
node init-blockchain.js
clear
touch blockchain-helpers.js
git checkout -b learn/digital-ledgers
git commit . -m "feat: add blockchain-helpers.js"
git push
git push --set-upstream origin learn/digital-ledgers
git add .
